[INFO][2014-05-17 16:49:38,060][org.springframework.context.support.FileSystemXmlApplicationContext]Refreshing org.springframework.context.support.FileSystemXmlApplicationContext@575fadcf: startup date [Sat May 17 16:49:38 CST 2014]; root of context hierarchy
[INFO][2014-05-17 16:49:39,545][org.springframework.beans.factory.xml.XmlBeanDefinitionReader]Loading XML bean definitions from class path resource [spring.xml]
[INFO][2014-05-17 16:49:42,173][org.springframework.beans.factory.config.PropertyPlaceholderConfigurer]Loading properties file from class path resource [config.properties]
[INFO][2014-05-17 16:53:21,513][org.springframework.context.support.FileSystemXmlApplicationContext]Refreshing org.springframework.context.support.FileSystemXmlApplicationContext@4a8c1dd9: startup date [Sat May 17 16:53:21 CST 2014]; root of context hierarchy
[INFO][2014-05-17 16:53:21,569][org.springframework.beans.factory.xml.XmlBeanDefinitionReader]Loading XML bean definitions from class path resource [spring.xml]
[INFO][2014-05-17 16:53:21,919][org.springframework.beans.factory.config.PropertyPlaceholderConfigurer]Loading properties file from class path resource [config.properties]
[INFO][2014-05-17 17:59:13,220][org.springframework.context.support.FileSystemXmlApplicationContext]Refreshing org.springframework.context.support.FileSystemXmlApplicationContext@36ff057f: startup date [Sat May 17 17:59:13 CST 2014]; root of context hierarchy
[INFO][2014-05-17 17:59:13,268][org.springframework.beans.factory.xml.XmlBeanDefinitionReader]Loading XML bean definitions from class path resource [spring.xml]
[INFO][2014-05-17 17:59:13,603][org.springframework.beans.factory.config.PropertyPlaceholderConfigurer]Loading properties file from class path resource [config.properties]
[INFO][2014-05-17 17:59:13,631][li.service.impl.UserServiceImpl]sssshhh
[INFO][2014-05-17 21:23:03,455][org.springframework.context.support.FileSystemXmlApplicationContext]Refreshing org.springframework.context.support.FileSystemXmlApplicationContext@2c09505f: startup date [Sat May 17 21:23:03 CST 2014]; root of context hierarchy
[INFO][2014-05-17 21:23:03,924][org.springframework.beans.factory.xml.XmlBeanDefinitionReader]Loading XML bean definitions from class path resource [spring.xml]
[INFO][2014-05-17 21:23:05,531][org.springframework.beans.factory.config.PropertyPlaceholderConfigurer]Loading properties file from class path resource [config.properties]
[INFO][2014-05-17 21:25:17,722][org.springframework.context.support.FileSystemXmlApplicationContext]Refreshing org.springframework.context.support.FileSystemXmlApplicationContext@6513cf0: startup date [Sat May 17 21:25:17 CST 2014]; root of context hierarchy
[INFO][2014-05-17 21:25:17,775][org.springframework.beans.factory.xml.XmlBeanDefinitionReader]Loading XML bean definitions from class path resource [spring.xml]
[INFO][2014-05-17 21:25:18,105][org.springframework.beans.factory.config.PropertyPlaceholderConfigurer]Loading properties file from class path resource [config.properties]
[INFO][2014-05-17 21:25:18,160][org.springframework.context.support.FileSystemXmlApplicationContext]Refreshing org.springframework.context.support.FileSystemXmlApplicationContext@2ba99347: startup date [Sat May 17 21:25:18 CST 2014]; root of context hierarchy
[INFO][2014-05-17 21:25:18,162][org.springframework.beans.factory.xml.XmlBeanDefinitionReader]Loading XML bean definitions from class path resource [spring.xml]
[INFO][2014-05-17 21:25:18,228][org.springframework.beans.factory.config.PropertyPlaceholderConfigurer]Loading properties file from class path resource [config.properties]
[INFO][2014-05-17 21:25:59,878][org.springframework.context.support.FileSystemXmlApplicationContext]Refreshing org.springframework.context.support.FileSystemXmlApplicationContext@177ba38f: startup date [Sat May 17 21:25:59 CST 2014]; root of context hierarchy
[INFO][2014-05-17 21:25:59,937][org.springframework.beans.factory.xml.XmlBeanDefinitionReader]Loading XML bean definitions from class path resource [spring.xml]
[INFO][2014-05-17 21:26:00,297][org.springframework.beans.factory.config.PropertyPlaceholderConfigurer]Loading properties file from class path resource [config.properties]
[INFO][2014-05-17 21:29:47,338][org.springframework.context.support.FileSystemXmlApplicationContext]Refreshing org.springframework.context.support.FileSystemXmlApplicationContext@25595f51: startup date [Sat May 17 21:29:47 CST 2014]; root of context hierarchy
[INFO][2014-05-17 21:29:47,389][org.springframework.beans.factory.xml.XmlBeanDefinitionReader]Loading XML bean definitions from class path resource [spring.xml]
[INFO][2014-05-17 21:29:47,719][org.springframework.beans.factory.config.PropertyPlaceholderConfigurer]Loading properties file from class path resource [config.properties]
[INFO][2014-05-17 22:22:29,218][org.springframework.context.support.FileSystemXmlApplicationContext]Refreshing org.springframework.context.support.FileSystemXmlApplicationContext@2c09505f: startup date [Sat May 17 22:22:29 CST 2014]; root of context hierarchy
[INFO][2014-05-17 22:22:29,360][org.springframework.beans.factory.xml.XmlBeanDefinitionReader]Loading XML bean definitions from class path resource [spring.xml]
[INFO][2014-05-17 22:22:30,790][org.springframework.beans.factory.config.PropertyPlaceholderConfigurer]Loading properties file from class path resource [config.properties]
[INFO][2014-05-17 22:29:26,760][org.springframework.context.support.FileSystemXmlApplicationContext]Refreshing org.springframework.context.support.FileSystemXmlApplicationContext@77ff92f5: startup date [Sat May 17 22:29:26 CST 2014]; root of context hierarchy
[INFO][2014-05-17 22:29:26,821][org.springframework.beans.factory.xml.XmlBeanDefinitionReader]Loading XML bean definitions from class path resource [spring.xml]
[INFO][2014-05-17 22:29:27,185][org.springframework.beans.factory.config.PropertyPlaceholderConfigurer]Loading properties file from class path resource [config.properties]
[INFO][2014-05-17 22:32:44,362][org.springframework.context.support.FileSystemXmlApplicationContext]Refreshing org.springframework.context.support.FileSystemXmlApplicationContext@c0b76fa: startup date [Sat May 17 22:32:44 CST 2014]; root of context hierarchy
[INFO][2014-05-17 22:32:44,403][org.springframework.beans.factory.xml.XmlBeanDefinitionReader]Loading XML bean definitions from class path resource [spring.xml]
[INFO][2014-05-17 22:32:44,738][org.springframework.beans.factory.config.PropertyPlaceholderConfigurer]Loading properties file from class path resource [config.properties]
[INFO][2014-05-17 22:32:44,792][org.springframework.context.support.FileSystemXmlApplicationContext]Refreshing org.springframework.context.support.FileSystemXmlApplicationContext@4c221e9e: startup date [Sat May 17 22:32:44 CST 2014]; root of context hierarchy
[INFO][2014-05-17 22:32:44,794][org.springframework.beans.factory.xml.XmlBeanDefinitionReader]Loading XML bean definitions from class path resource [spring.xml]
[INFO][2014-05-17 22:32:44,859][org.springframework.beans.factory.config.PropertyPlaceholderConfigurer]Loading properties file from class path resource [config.properties]
[INFO][2014-05-17 22:33:06,864][org.springframework.context.support.FileSystemXmlApplicationContext]Refreshing org.springframework.context.support.FileSystemXmlApplicationContext@2c09505f: startup date [Sat May 17 22:33:06 CST 2014]; root of context hierarchy
[INFO][2014-05-17 22:33:06,921][org.springframework.beans.factory.xml.XmlBeanDefinitionReader]Loading XML bean definitions from class path resource [spring.xml]
[INFO][2014-05-17 22:33:07,283][org.springframework.beans.factory.config.PropertyPlaceholderConfigurer]Loading properties file from class path resource [config.properties]
[INFO][2014-05-17 22:34:11,369][org.springframework.context.support.FileSystemXmlApplicationContext]Refreshing org.springframework.context.support.FileSystemXmlApplicationContext@3313beb5: startup date [Sat May 17 22:34:11 CST 2014]; root of context hierarchy
[INFO][2014-05-17 22:34:11,433][org.springframework.beans.factory.xml.XmlBeanDefinitionReader]Loading XML bean definitions from class path resource [spring.xml]
[INFO][2014-05-17 22:34:11,805][org.springframework.beans.factory.config.PropertyPlaceholderConfigurer]Loading properties file from class path resource [config.properties]
[INFO][2014-05-17 22:36:00,490][org.springframework.context.support.FileSystemXmlApplicationContext]Refreshing org.springframework.context.support.FileSystemXmlApplicationContext@177ba38f: startup date [Sat May 17 22:36:00 CST 2014]; root of context hierarchy
[INFO][2014-05-17 22:36:00,553][org.springframework.beans.factory.xml.XmlBeanDefinitionReader]Loading XML bean definitions from class path resource [spring.xml]
[INFO][2014-05-17 22:36:00,939][org.springframework.beans.factory.config.PropertyPlaceholderConfigurer]Loading properties file from class path resource [config.properties]
[INFO][2014-05-17 22:36:39,879][org.springframework.context.support.FileSystemXmlApplicationContext]Refreshing org.springframework.context.support.FileSystemXmlApplicationContext@680e2291: startup date [Sat May 17 22:36:39 CST 2014]; root of context hierarchy
[INFO][2014-05-17 22:36:39,940][org.springframework.beans.factory.xml.XmlBeanDefinitionReader]Loading XML bean definitions from class path resource [spring.xml]
[INFO][2014-05-17 22:36:40,326][org.springframework.beans.factory.config.PropertyPlaceholderConfigurer]Loading properties file from class path resource [config.properties]
[INFO][2014-05-17 22:36:56,940][org.springframework.context.support.FileSystemXmlApplicationContext]Refreshing org.springframework.context.support.FileSystemXmlApplicationContext@362f0d54: startup date [Sat May 17 22:36:56 CST 2014]; root of context hierarchy
[INFO][2014-05-17 22:36:57,002][org.springframework.beans.factory.xml.XmlBeanDefinitionReader]Loading XML bean definitions from class path resource [spring.xml]
[INFO][2014-05-17 22:36:57,373][org.springframework.beans.factory.config.PropertyPlaceholderConfigurer]Loading properties file from class path resource [config.properties]
[INFO][2014-05-17 22:37:54,809][org.springframework.context.support.FileSystemXmlApplicationContext]Refreshing org.springframework.context.support.FileSystemXmlApplicationContext@c0b76fa: startup date [Sat May 17 22:37:54 CST 2014]; root of context hierarchy
[INFO][2014-05-17 22:37:54,863][org.springframework.beans.factory.xml.XmlBeanDefinitionReader]Loading XML bean definitions from class path resource [spring.xml]
[INFO][2014-05-17 22:37:55,193][org.springframework.beans.factory.config.PropertyPlaceholderConfigurer]Loading properties file from class path resource [config.properties]
[INFO][2014-05-17 22:40:48,532][org.springframework.context.support.FileSystemXmlApplicationContext]Refreshing org.springframework.context.support.FileSystemXmlApplicationContext@2c09505f: startup date [Sat May 17 22:40:48 CST 2014]; root of context hierarchy
[INFO][2014-05-17 22:40:48,591][org.springframework.beans.factory.xml.XmlBeanDefinitionReader]Loading XML bean definitions from class path resource [spring.xml]
[INFO][2014-05-17 22:40:48,958][org.springframework.beans.factory.config.PropertyPlaceholderConfigurer]Loading properties file from class path resource [config.properties]
[INFO][2014-05-17 22:40:49,014][li.service.impl.UserServiceImpl]测试测试！
[INFO][2014-05-17 22:42:34,727][org.springframework.context.support.FileSystemXmlApplicationContext]Refreshing org.springframework.context.support.FileSystemXmlApplicationContext@2c09505f: startup date [Sat May 17 22:42:34 CST 2014]; root of context hierarchy
[INFO][2014-05-17 22:42:34,788][org.springframework.beans.factory.xml.XmlBeanDefinitionReader]Loading XML bean definitions from class path resource [spring.xml]
[INFO][2014-05-17 22:42:35,163][org.springframework.beans.factory.config.PropertyPlaceholderConfigurer]Loading properties file from class path resource [config.properties]
[INFO][2014-05-17 22:44:37,401][org.springframework.context.support.FileSystemXmlApplicationContext]Refreshing org.springframework.context.support.FileSystemXmlApplicationContext@77ff92f5: startup date [Sat May 17 22:44:37 CST 2014]; root of context hierarchy
[INFO][2014-05-17 22:44:37,460][org.springframework.beans.factory.xml.XmlBeanDefinitionReader]Loading XML bean definitions from class path resource [spring.xml]
[INFO][2014-05-17 22:44:37,740][org.springframework.beans.factory.xml.XmlBeanDefinitionReader]Loading XML bean definitions from class path resource [spring-hibernate.xml]
[INFO][2014-05-17 22:49:27,448][org.springframework.context.support.FileSystemXmlApplicationContext]Refreshing org.springframework.context.support.FileSystemXmlApplicationContext@2c09505f: startup date [Sat May 17 22:49:27 CST 2014]; root of context hierarchy
[INFO][2014-05-17 22:49:27,505][org.springframework.beans.factory.xml.XmlBeanDefinitionReader]Loading XML bean definitions from class path resource [spring.xml]
[INFO][2014-05-17 22:49:27,773][org.springframework.beans.factory.xml.XmlBeanDefinitionReader]Loading XML bean definitions from class path resource [spring-hibernate.xml]
[INFO][2014-05-17 22:54:36,297][org.springframework.context.support.FileSystemXmlApplicationContext]Refreshing org.springframework.context.support.FileSystemXmlApplicationContext@2c09505f: startup date [Sat May 17 22:54:36 CST 2014]; root of context hierarchy
[INFO][2014-05-17 22:54:36,366][org.springframework.beans.factory.xml.XmlBeanDefinitionReader]Loading XML bean definitions from class path resource [spring.xml]
[INFO][2014-05-17 22:54:36,676][org.springframework.beans.factory.xml.XmlBeanDefinitionReader]Loading XML bean definitions from class path resource [spring-hibernate.xml]
[INFO][2014-05-17 22:54:36,969][org.springframework.beans.factory.config.PropertyPlaceholderConfigurer]Loading properties file from class path resource [config.properties]
[ERROR][2014-05-17 22:54:37,573][com.alibaba.druid.pool.DruidAbstractDataSource]maxIdle is deprecated
[ERROR][2014-05-17 22:54:38,263][com.alibaba.druid.pool.DruidDataSource]dataSource init error
java.sql.SQLException: not support oracle driver 1.0
	at com.alibaba.druid.pool.DruidDataSource.initCheck(DruidDataSource.java:768)
	at com.alibaba.druid.pool.DruidDataSource.init(DruidDataSource.java:575)
	at sun.reflect.NativeMethodAccessorImpl.invoke0(Native Method)
	at sun.reflect.NativeMethodAccessorImpl.invoke(NativeMethodAccessorImpl.java:39)
	at sun.reflect.DelegatingMethodAccessorImpl.invoke(DelegatingMethodAccessorImpl.java:25)
	at java.lang.reflect.Method.invoke(Method.java:597)
	at org.springframework.beans.factory.support.AbstractAutowireCapableBeanFactory.invokeCustomInitMethod(AbstractAutowireCapableBeanFactory.java:1681)
	at org.springframework.beans.factory.support.AbstractAutowireCapableBeanFactory.invokeInitMethods(AbstractAutowireCapableBeanFactory.java:1620)
	at org.springframework.beans.factory.support.AbstractAutowireCapableBeanFactory.initializeBean(AbstractAutowireCapableBeanFactory.java:1549)
	at org.springframework.beans.factory.support.AbstractAutowireCapableBeanFactory.doCreateBean(AbstractAutowireCapableBeanFactory.java:539)
	at org.springframework.beans.factory.support.AbstractAutowireCapableBeanFactory.createBean(AbstractAutowireCapableBeanFactory.java:475)
	at org.springframework.beans.factory.support.AbstractBeanFactory$1.getObject(AbstractBeanFactory.java:304)
	at org.springframework.beans.factory.support.DefaultSingletonBeanRegistry.getSingleton(DefaultSingletonBeanRegistry.java:228)
	at org.springframework.beans.factory.support.AbstractBeanFactory.doGetBean(AbstractBeanFactory.java:300)
	at org.springframework.beans.factory.support.AbstractBeanFactory.getBean(AbstractBeanFactory.java:195)
	at org.springframework.beans.factory.support.BeanDefinitionValueResolver.resolveReference(BeanDefinitionValueResolver.java:328)
	at org.springframework.beans.factory.support.BeanDefinitionValueResolver.resolveValueIfNecessary(BeanDefinitionValueResolver.java:108)
	at org.springframework.beans.factory.support.AbstractAutowireCapableBeanFactory.applyPropertyValues(AbstractAutowireCapableBeanFactory.java:1456)
	at org.springframework.beans.factory.support.AbstractAutowireCapableBeanFactory.populateBean(AbstractAutowireCapableBeanFactory.java:1197)
	at org.springframework.beans.factory.support.AbstractAutowireCapableBeanFactory.doCreateBean(AbstractAutowireCapableBeanFactory.java:537)
	at org.springframework.beans.factory.support.AbstractAutowireCapableBeanFactory.createBean(AbstractAutowireCapableBeanFactory.java:475)
	at org.springframework.beans.factory.support.AbstractBeanFactory$1.getObject(AbstractBeanFactory.java:304)
	at org.springframework.beans.factory.support.DefaultSingletonBeanRegistry.getSingleton(DefaultSingletonBeanRegistry.java:228)
	at org.springframework.beans.factory.support.AbstractBeanFactory.doGetBean(AbstractBeanFactory.java:300)
	at org.springframework.beans.factory.support.AbstractBeanFactory.getBean(AbstractBeanFactory.java:195)
	at org.springframework.beans.factory.support.DefaultListableBeanFactory.findAutowireCandidates(DefaultListableBeanFactory.java:1017)
	at org.springframework.beans.factory.support.DefaultListableBeanFactory.doResolveDependency(DefaultListableBeanFactory.java:960)
	at org.springframework.beans.factory.support.DefaultListableBeanFactory.resolveDependency(DefaultListableBeanFactory.java:858)
	at org.springframework.beans.factory.annotation.AutowiredAnnotationBeanPostProcessor$AutowiredMethodElement.inject(AutowiredAnnotationBeanPostProcessor.java:553)
	at org.springframework.beans.factory.annotation.InjectionMetadata.inject(InjectionMetadata.java:87)
	at org.springframework.beans.factory.annotation.AutowiredAnnotationBeanPostProcessor.postProcessPropertyValues(AutowiredAnnotationBeanPostProcessor.java:289)
	at org.springframework.beans.factory.support.AbstractAutowireCapableBeanFactory.populateBean(AbstractAutowireCapableBeanFactory.java:1185)
	at org.springframework.beans.factory.support.AbstractAutowireCapableBeanFactory.doCreateBean(AbstractAutowireCapableBeanFactory.java:537)
	at org.springframework.beans.factory.support.AbstractAutowireCapableBeanFactory.createBean(AbstractAutowireCapableBeanFactory.java:475)
	at org.springframework.beans.factory.support.AbstractBeanFactory$1.getObject(AbstractBeanFactory.java:304)
	at org.springframework.beans.factory.support.DefaultSingletonBeanRegistry.getSingleton(DefaultSingletonBeanRegistry.java:228)
	at org.springframework.beans.factory.support.AbstractBeanFactory.doGetBean(AbstractBeanFactory.java:300)
	at org.springframework.beans.factory.support.AbstractBeanFactory.getBean(AbstractBeanFactory.java:195)
	at org.springframework.beans.factory.support.DefaultListableBeanFactory.preInstantiateSingletons(DefaultListableBeanFactory.java:703)
	at org.springframework.context.support.AbstractApplicationContext.finishBeanFactoryInitialization(AbstractApplicationContext.java:760)
	at org.springframework.context.support.AbstractApplicationContext.refresh(AbstractApplicationContext.java:482)
	at org.springframework.context.support.FileSystemXmlApplicationContext.<init>(FileSystemXmlApplicationContext.java:140)
	at org.springframework.context.support.FileSystemXmlApplicationContext.<init>(FileSystemXmlApplicationContext.java:94)
	at li.test.TestHibernate.test(TestHibernate.java:16)
	at sun.reflect.NativeMethodAccessorImpl.invoke0(Native Method)
	at sun.reflect.NativeMethodAccessorImpl.invoke(NativeMethodAccessorImpl.java:39)
	at sun.reflect.DelegatingMethodAccessorImpl.invoke(DelegatingMethodAccessorImpl.java:25)
	at java.lang.reflect.Method.invoke(Method.java:597)
	at org.junit.runners.model.FrameworkMethod$1.runReflectiveCall(FrameworkMethod.java:47)
	at org.junit.internal.runners.model.ReflectiveCallable.run(ReflectiveCallable.java:12)
	at org.junit.runners.model.FrameworkMethod.invokeExplosively(FrameworkMethod.java:44)
	at org.junit.internal.runners.statements.InvokeMethod.evaluate(InvokeMethod.java:17)
	at org.junit.runners.ParentRunner.runLeaf(ParentRunner.java:271)
	at org.junit.runners.BlockJUnit4ClassRunner.runChild(BlockJUnit4ClassRunner.java:70)
	at org.junit.runners.BlockJUnit4ClassRunner.runChild(BlockJUnit4ClassRunner.java:50)
	at org.junit.runners.ParentRunner$3.run(ParentRunner.java:238)
	at org.junit.runners.ParentRunner$1.schedule(ParentRunner.java:63)
	at org.junit.runners.ParentRunner.runChildren(ParentRunner.java:236)
	at org.junit.runners.ParentRunner.access$000(ParentRunner.java:53)
	at org.junit.runners.ParentRunner$2.evaluate(ParentRunner.java:229)
	at org.junit.runners.ParentRunner.run(ParentRunner.java:309)
	at org.eclipse.jdt.internal.junit4.runner.JUnit4TestReference.run(JUnit4TestReference.java:50)
	at org.eclipse.jdt.internal.junit.runner.TestExecution.run(TestExecution.java:38)
	at org.eclipse.jdt.internal.junit.runner.RemoteTestRunner.runTests(RemoteTestRunner.java:467)
	at org.eclipse.jdt.internal.junit.runner.RemoteTestRunner.runTests(RemoteTestRunner.java:683)
	at org.eclipse.jdt.internal.junit.runner.RemoteTestRunner.run(RemoteTestRunner.java:390)
	at org.eclipse.jdt.internal.junit.runner.RemoteTestRunner.main(RemoteTestRunner.java:197)
[INFO][2014-05-17 22:54:38,269][com.alibaba.druid.pool.DruidDataSource]{dataSource-1} inited
[INFO][2014-05-17 23:19:26,710][org.springframework.context.support.FileSystemXmlApplicationContext]Refreshing org.springframework.context.support.FileSystemXmlApplicationContext@177ba38f: startup date [Sat May 17 23:19:26 CST 2014]; root of context hierarchy
[INFO][2014-05-17 23:19:26,767][org.springframework.beans.factory.xml.XmlBeanDefinitionReader]Loading XML bean definitions from class path resource [spring.xml]
[INFO][2014-05-17 23:19:27,021][org.springframework.beans.factory.xml.XmlBeanDefinitionReader]Loading XML bean definitions from class path resource [spring-hibernate.xml]
[INFO][2014-05-17 23:19:27,271][org.springframework.beans.factory.config.PropertyPlaceholderConfigurer]Loading properties file from class path resource [config.properties]
[ERROR][2014-05-17 23:19:27,510][com.alibaba.druid.pool.DruidAbstractDataSource]maxIdle is deprecated
[INFO][2014-05-17 23:19:27,754][com.alibaba.druid.pool.DruidDataSource]{dataSource-1} inited
[INFO][2014-05-17 23:19:28,229][org.hibernate.annotations.common.Version]HCANN000001: Hibernate Commons Annotations {4.0.1.Final}
[INFO][2014-05-17 23:19:28,237][org.hibernate.Version]HHH000412: Hibernate Core {4.1.4.Final}
[INFO][2014-05-17 23:19:28,240][org.hibernate.cfg.Environment]HHH000206: hibernate.properties not found
[INFO][2014-05-17 23:19:28,242][org.hibernate.cfg.Environment]HHH000021: Bytecode provider name : javassist
[INFO][2014-05-17 23:19:29,241][org.hibernate.dialect.Dialect]HHH000400: Using dialect: org.hibernate.dialect.OracleDialect
[WARN][2014-05-17 23:19:29,249][org.hibernate.dialect.Oracle9Dialect]HHH000063: The Oracle9Dialect dialect has been deprecated; use either Oracle9iDialect or Oracle10gDialect instead
[WARN][2014-05-17 23:19:29,251][org.hibernate.dialect.OracleDialect]HHH000064: The OracleDialect dialect has been deprecated; use Oracle8iDialect instead
[INFO][2014-05-17 23:19:29,262][org.hibernate.engine.jdbc.internal.LobCreatorBuilder]HHH000424: Disabling contextual LOB creation as createClob() method threw error : java.lang.reflect.InvocationTargetException
[INFO][2014-05-17 23:19:29,277][org.hibernate.engine.transaction.internal.TransactionFactoryInitiator]HHH000399: Using default transaction strategy (direct JDBC transactions)
[INFO][2014-05-17 23:19:29,283][org.hibernate.hql.internal.ast.ASTQueryTranslatorFactory]HHH000397: Using ASTQueryTranslatorFactory
[INFO][2014-05-17 23:19:29,696][org.hibernate.tool.hbm2ddl.SchemaUpdate]HHH000228: Running hbm2ddl schema update
[INFO][2014-05-17 23:19:29,696][org.hibernate.tool.hbm2ddl.SchemaUpdate]HHH000102: Fetching database metadata
[INFO][2014-05-17 23:19:29,773][org.hibernate.tool.hbm2ddl.SchemaUpdate]HHH000396: Updating schema
[INFO][2014-05-17 23:19:41,558][org.hibernate.tool.hbm2ddl.TableMetadata]HHH000261: Table found: SSH.T_USER
[INFO][2014-05-17 23:19:41,558][org.hibernate.tool.hbm2ddl.TableMetadata]HHH000037: Columns: [id, pwd, create_date, modify_date, name]
[INFO][2014-05-17 23:19:41,559][org.hibernate.tool.hbm2ddl.TableMetadata]HHH000108: Foreign keys: []
[INFO][2014-05-17 23:19:41,559][org.hibernate.tool.hbm2ddl.TableMetadata]HHH000126: Indexes: [t_user_pk]
[INFO][2014-05-17 23:19:41,560][org.hibernate.tool.hbm2ddl.SchemaUpdate]HHH000232: Schema update complete
[INFO][2014-05-17 23:19:41,653][org.springframework.orm.hibernate4.HibernateTransactionManager]Using DataSource [{
	CreateTime:"2014-05-17 23:19:27",
	ActiveCount:0,
	PoolingCount:1,
	CreateCount:1,
	DestroyCount:0,
	CloseCount:2,
	ConnectCount:2,
	Connections:[
		{ID:1043274522, ConnectTime:"2014-05-17 23:19:29", UseCount:2, LastActiveTime:"2014-05-17 23:19:41"}
	]
}] of Hibernate SessionFactory for HibernateTransactionManager
[INFO][2014-05-17 23:21:56,403][org.springframework.context.support.FileSystemXmlApplicationContext]Refreshing org.springframework.context.support.FileSystemXmlApplicationContext@3ad3c6a3: startup date [Sat May 17 23:21:56 CST 2014]; root of context hierarchy
[INFO][2014-05-17 23:21:56,466][org.springframework.beans.factory.xml.XmlBeanDefinitionReader]Loading XML bean definitions from class path resource [spring.xml]
[INFO][2014-05-17 23:21:56,745][org.springframework.beans.factory.xml.XmlBeanDefinitionReader]Loading XML bean definitions from class path resource [spring-hibernate.xml]
[INFO][2014-05-17 23:21:57,013][org.springframework.beans.factory.config.PropertyPlaceholderConfigurer]Loading properties file from class path resource [config.properties]
[ERROR][2014-05-17 23:21:57,272][com.alibaba.druid.pool.DruidAbstractDataSource]maxIdle is deprecated
[INFO][2014-05-17 23:21:57,488][com.alibaba.druid.pool.DruidDataSource]{dataSource-1} inited
[INFO][2014-05-17 23:21:58,019][org.hibernate.annotations.common.Version]HCANN000001: Hibernate Commons Annotations {4.0.1.Final}
[INFO][2014-05-17 23:21:58,029][org.hibernate.Version]HHH000412: Hibernate Core {4.1.4.Final}
[INFO][2014-05-17 23:21:58,031][org.hibernate.cfg.Environment]HHH000206: hibernate.properties not found
[INFO][2014-05-17 23:21:58,033][org.hibernate.cfg.Environment]HHH000021: Bytecode provider name : javassist
[INFO][2014-05-17 23:21:58,579][org.hibernate.dialect.Dialect]HHH000400: Using dialect: org.hibernate.dialect.OracleDialect
[WARN][2014-05-17 23:21:58,587][org.hibernate.dialect.Oracle9Dialect]HHH000063: The Oracle9Dialect dialect has been deprecated; use either Oracle9iDialect or Oracle10gDialect instead
[WARN][2014-05-17 23:21:58,589][org.hibernate.dialect.OracleDialect]HHH000064: The OracleDialect dialect has been deprecated; use Oracle8iDialect instead
[INFO][2014-05-17 23:21:58,602][org.hibernate.engine.jdbc.internal.LobCreatorBuilder]HHH000424: Disabling contextual LOB creation as createClob() method threw error : java.lang.reflect.InvocationTargetException
[INFO][2014-05-17 23:21:58,619][org.hibernate.engine.transaction.internal.TransactionFactoryInitiator]HHH000399: Using default transaction strategy (direct JDBC transactions)
[INFO][2014-05-17 23:21:58,626][org.hibernate.hql.internal.ast.ASTQueryTranslatorFactory]HHH000397: Using ASTQueryTranslatorFactory
[INFO][2014-05-17 23:21:59,078][org.hibernate.tool.hbm2ddl.SchemaUpdate]HHH000228: Running hbm2ddl schema update
[INFO][2014-05-17 23:21:59,079][org.hibernate.tool.hbm2ddl.SchemaUpdate]HHH000102: Fetching database metadata
[INFO][2014-05-17 23:21:59,122][org.hibernate.tool.hbm2ddl.SchemaUpdate]HHH000396: Updating schema
[INFO][2014-05-17 23:21:59,190][org.hibernate.tool.hbm2ddl.TableMetadata]HHH000261: Table found: SSH.T_USER
[INFO][2014-05-17 23:21:59,190][org.hibernate.tool.hbm2ddl.TableMetadata]HHH000037: Columns: [id, pwd, create_date, modify_date, name]
[INFO][2014-05-17 23:21:59,190][org.hibernate.tool.hbm2ddl.TableMetadata]HHH000108: Foreign keys: []
[INFO][2014-05-17 23:21:59,190][org.hibernate.tool.hbm2ddl.TableMetadata]HHH000126: Indexes: [t_user_pk]
[INFO][2014-05-17 23:21:59,191][org.hibernate.tool.hbm2ddl.SchemaUpdate]HHH000232: Schema update complete
[INFO][2014-05-17 23:21:59,301][org.springframework.orm.hibernate4.HibernateTransactionManager]Using DataSource [{
	CreateTime:"2014-05-17 23:21:57",
	ActiveCount:0,
	PoolingCount:1,
	CreateCount:1,
	DestroyCount:0,
	CloseCount:2,
	ConnectCount:2,
	Connections:[
		{ID:205105255, ConnectTime:"2014-05-17 23:21:58", UseCount:2, LastActiveTime:"2014-05-17 23:21:59"}
	]
}] of Hibernate SessionFactory for HibernateTransactionManager
[INFO][2014-05-17 23:42:21,981][org.springframework.context.support.FileSystemXmlApplicationContext]Refreshing org.springframework.context.support.FileSystemXmlApplicationContext@c0b76fa: startup date [Sat May 17 23:42:21 CST 2014]; root of context hierarchy
[INFO][2014-05-17 23:42:22,035][org.springframework.beans.factory.xml.XmlBeanDefinitionReader]Loading XML bean definitions from class path resource [spring.xml]
[INFO][2014-05-17 23:42:22,281][org.springframework.beans.factory.xml.XmlBeanDefinitionReader]Loading XML bean definitions from class path resource [spring-hibernate.xml]
[INFO][2014-05-17 23:42:22,555][org.springframework.beans.factory.config.PropertyPlaceholderConfigurer]Loading properties file from class path resource [config.properties]
[ERROR][2014-05-17 23:42:22,799][com.alibaba.druid.pool.DruidAbstractDataSource]maxIdle is deprecated
[ERROR][2014-05-17 23:42:22,884][com.alibaba.druid.pool.DruidDataSource]dataSource init error
java.sql.SQLException: oracle.jdbc.driver.OracleDriver
	at com.alibaba.druid.util.JdbcUtils.createDriver(JdbcUtils.java:510)
	at com.alibaba.druid.pool.DruidDataSource.init(DruidDataSource.java:563)
	at sun.reflect.NativeMethodAccessorImpl.invoke0(Native Method)
	at sun.reflect.NativeMethodAccessorImpl.invoke(NativeMethodAccessorImpl.java:39)
	at sun.reflect.DelegatingMethodAccessorImpl.invoke(DelegatingMethodAccessorImpl.java:25)
	at java.lang.reflect.Method.invoke(Method.java:597)
	at org.springframework.beans.factory.support.AbstractAutowireCapableBeanFactory.invokeCustomInitMethod(AbstractAutowireCapableBeanFactory.java:1681)
	at org.springframework.beans.factory.support.AbstractAutowireCapableBeanFactory.invokeInitMethods(AbstractAutowireCapableBeanFactory.java:1620)
	at org.springframework.beans.factory.support.AbstractAutowireCapableBeanFactory.initializeBean(AbstractAutowireCapableBeanFactory.java:1549)
	at org.springframework.beans.factory.support.AbstractAutowireCapableBeanFactory.doCreateBean(AbstractAutowireCapableBeanFactory.java:539)
	at org.springframework.beans.factory.support.AbstractAutowireCapableBeanFactory.createBean(AbstractAutowireCapableBeanFactory.java:475)
	at org.springframework.beans.factory.support.AbstractBeanFactory$1.getObject(AbstractBeanFactory.java:304)
	at org.springframework.beans.factory.support.DefaultSingletonBeanRegistry.getSingleton(DefaultSingletonBeanRegistry.java:228)
	at org.springframework.beans.factory.support.AbstractBeanFactory.doGetBean(AbstractBeanFactory.java:300)
	at org.springframework.beans.factory.support.AbstractBeanFactory.getBean(AbstractBeanFactory.java:195)
	at org.springframework.beans.factory.support.BeanDefinitionValueResolver.resolveReference(BeanDefinitionValueResolver.java:328)
	at org.springframework.beans.factory.support.BeanDefinitionValueResolver.resolveValueIfNecessary(BeanDefinitionValueResolver.java:108)
	at org.springframework.beans.factory.support.AbstractAutowireCapableBeanFactory.applyPropertyValues(AbstractAutowireCapableBeanFactory.java:1456)
	at org.springframework.beans.factory.support.AbstractAutowireCapableBeanFactory.populateBean(AbstractAutowireCapableBeanFactory.java:1197)
	at org.springframework.beans.factory.support.AbstractAutowireCapableBeanFactory.doCreateBean(AbstractAutowireCapableBeanFactory.java:537)
	at org.springframework.beans.factory.support.AbstractAutowireCapableBeanFactory.createBean(AbstractAutowireCapableBeanFactory.java:475)
	at org.springframework.beans.factory.support.AbstractBeanFactory$1.getObject(AbstractBeanFactory.java:304)
	at org.springframework.beans.factory.support.DefaultSingletonBeanRegistry.getSingleton(DefaultSingletonBeanRegistry.java:228)
	at org.springframework.beans.factory.support.AbstractBeanFactory.doGetBean(AbstractBeanFactory.java:300)
	at org.springframework.beans.factory.support.AbstractBeanFactory.getBean(AbstractBeanFactory.java:195)
	at org.springframework.beans.factory.support.DefaultListableBeanFactory.findAutowireCandidates(DefaultListableBeanFactory.java:1017)
	at org.springframework.beans.factory.support.DefaultListableBeanFactory.doResolveDependency(DefaultListableBeanFactory.java:960)
	at org.springframework.beans.factory.support.DefaultListableBeanFactory.resolveDependency(DefaultListableBeanFactory.java:858)
	at org.springframework.beans.factory.annotation.AutowiredAnnotationBeanPostProcessor$AutowiredMethodElement.inject(AutowiredAnnotationBeanPostProcessor.java:553)
	at org.springframework.beans.factory.annotation.InjectionMetadata.inject(InjectionMetadata.java:87)
	at org.springframework.beans.factory.annotation.AutowiredAnnotationBeanPostProcessor.postProcessPropertyValues(AutowiredAnnotationBeanPostProcessor.java:289)
	at org.springframework.beans.factory.support.AbstractAutowireCapableBeanFactory.populateBean(AbstractAutowireCapableBeanFactory.java:1185)
	at org.springframework.beans.factory.support.AbstractAutowireCapableBeanFactory.doCreateBean(AbstractAutowireCapableBeanFactory.java:537)
	at org.springframework.beans.factory.support.AbstractAutowireCapableBeanFactory.createBean(AbstractAutowireCapableBeanFactory.java:475)
	at org.springframework.beans.factory.support.AbstractBeanFactory$1.getObject(AbstractBeanFactory.java:304)
	at org.springframework.beans.factory.support.DefaultSingletonBeanRegistry.getSingleton(DefaultSingletonBeanRegistry.java:228)
	at org.springframework.beans.factory.support.AbstractBeanFactory.doGetBean(AbstractBeanFactory.java:300)
	at org.springframework.beans.factory.support.AbstractBeanFactory.getBean(AbstractBeanFactory.java:195)
	at org.springframework.beans.factory.support.DefaultListableBeanFactory.preInstantiateSingletons(DefaultListableBeanFactory.java:703)
	at org.springframework.context.support.AbstractApplicationContext.finishBeanFactoryInitialization(AbstractApplicationContext.java:760)
	at org.springframework.context.support.AbstractApplicationContext.refresh(AbstractApplicationContext.java:482)
	at org.springframework.context.support.FileSystemXmlApplicationContext.<init>(FileSystemXmlApplicationContext.java:140)
	at org.springframework.context.support.FileSystemXmlApplicationContext.<init>(FileSystemXmlApplicationContext.java:94)
	at li.test.TestHibernate.test(TestHibernate.java:16)
	at sun.reflect.NativeMethodAccessorImpl.invoke0(Native Method)
	at sun.reflect.NativeMethodAccessorImpl.invoke(NativeMethodAccessorImpl.java:39)
	at sun.reflect.DelegatingMethodAccessorImpl.invoke(DelegatingMethodAccessorImpl.java:25)
	at java.lang.reflect.Method.invoke(Method.java:597)
	at org.junit.runners.model.FrameworkMethod$1.runReflectiveCall(FrameworkMethod.java:47)
	at org.junit.internal.runners.model.ReflectiveCallable.run(ReflectiveCallable.java:12)
	at org.junit.runners.model.FrameworkMethod.invokeExplosively(FrameworkMethod.java:44)
	at org.junit.internal.runners.statements.InvokeMethod.evaluate(InvokeMethod.java:17)
	at org.junit.runners.ParentRunner.runLeaf(ParentRunner.java:271)
	at org.junit.runners.BlockJUnit4ClassRunner.runChild(BlockJUnit4ClassRunner.java:70)
	at org.junit.runners.BlockJUnit4ClassRunner.runChild(BlockJUnit4ClassRunner.java:50)
	at org.junit.runners.ParentRunner$3.run(ParentRunner.java:238)
	at org.junit.runners.ParentRunner$1.schedule(ParentRunner.java:63)
	at org.junit.runners.ParentRunner.runChildren(ParentRunner.java:236)
	at org.junit.runners.ParentRunner.access$000(ParentRunner.java:53)
	at org.junit.runners.ParentRunner$2.evaluate(ParentRunner.java:229)
	at org.junit.runners.ParentRunner.run(ParentRunner.java:309)
	at org.apache.maven.surefire.junit4.JUnit4TestSet.execute(JUnit4TestSet.java:35)
	at org.apache.maven.surefire.junit4.JUnit4Provider.executeTestSet(JUnit4Provider.java:146)
	at org.apache.maven.surefire.junit4.JUnit4Provider.invoke(JUnit4Provider.java:97)
	at sun.reflect.NativeMethodAccessorImpl.invoke0(Native Method)
	at sun.reflect.NativeMethodAccessorImpl.invoke(NativeMethodAccessorImpl.java:39)
	at sun.reflect.DelegatingMethodAccessorImpl.invoke(DelegatingMethodAccessorImpl.java:25)
	at java.lang.reflect.Method.invoke(Method.java:597)
	at org.apache.maven.surefire.booter.ProviderFactory$ClassLoaderProxy.invoke(ProviderFactory.java:103)
	at $Proxy0.invoke(Unknown Source)
	at org.apache.maven.surefire.booter.SurefireStarter.invokeProvider(SurefireStarter.java:145)
	at org.apache.maven.surefire.booter.SurefireStarter.runSuitesInProcess(SurefireStarter.java:87)
	at org.apache.maven.surefire.booter.ForkedBooter.main(ForkedBooter.java:69)
Caused by: java.lang.ClassNotFoundException: oracle.jdbc.driver.OracleDriver
	at java.net.URLClassLoader$1.run(URLClassLoader.java:200)
	at java.security.AccessController.doPrivileged(Native Method)
	at java.net.URLClassLoader.findClass(URLClassLoader.java:188)
	at java.lang.ClassLoader.loadClass(ClassLoader.java:307)
	at sun.misc.Launcher$AppClassLoader.loadClass(Launcher.java:301)
	at java.lang.ClassLoader.loadClass(ClassLoader.java:252)
	at java.lang.ClassLoader.loadClassInternal(ClassLoader.java:320)
	at java.lang.Class.forName0(Native Method)
	at java.lang.Class.forName(Class.java:169)
	at com.alibaba.druid.util.JdbcUtils.createDriver(JdbcUtils.java:508)
	... 72 more
[INFO][2014-05-17 23:42:22,888][com.alibaba.druid.pool.DruidDataSource]{dataSource-1} inited
[INFO][2014-05-17 23:42:23,271][org.springframework.context.support.FileSystemXmlApplicationContext]Refreshing org.springframework.context.support.FileSystemXmlApplicationContext@67148603: startup date [Sat May 17 23:42:23 CST 2014]; root of context hierarchy
[INFO][2014-05-17 23:42:23,280][org.springframework.beans.factory.xml.XmlBeanDefinitionReader]Loading XML bean definitions from class path resource [spring.xml]
[INFO][2014-05-17 23:42:23,362][org.springframework.beans.factory.xml.XmlBeanDefinitionReader]Loading XML bean definitions from class path resource [spring-hibernate.xml]
[INFO][2014-05-17 23:42:23,550][org.springframework.beans.factory.config.PropertyPlaceholderConfigurer]Loading properties file from class path resource [config.properties]
[ERROR][2014-05-17 23:42:23,633][com.alibaba.druid.pool.DruidAbstractDataSource]maxIdle is deprecated
[ERROR][2014-05-17 23:42:23,635][com.alibaba.druid.pool.DruidDataSource]dataSource init error
java.sql.SQLException: oracle.jdbc.driver.OracleDriver
	at com.alibaba.druid.util.JdbcUtils.createDriver(JdbcUtils.java:510)
	at com.alibaba.druid.pool.DruidDataSource.init(DruidDataSource.java:563)
	at sun.reflect.NativeMethodAccessorImpl.invoke0(Native Method)
	at sun.reflect.NativeMethodAccessorImpl.invoke(NativeMethodAccessorImpl.java:39)
	at sun.reflect.DelegatingMethodAccessorImpl.invoke(DelegatingMethodAccessorImpl.java:25)
	at java.lang.reflect.Method.invoke(Method.java:597)
	at org.springframework.beans.factory.support.AbstractAutowireCapableBeanFactory.invokeCustomInitMethod(AbstractAutowireCapableBeanFactory.java:1681)
	at org.springframework.beans.factory.support.AbstractAutowireCapableBeanFactory.invokeInitMethods(AbstractAutowireCapableBeanFactory.java:1620)
	at org.springframework.beans.factory.support.AbstractAutowireCapableBeanFactory.initializeBean(AbstractAutowireCapableBeanFactory.java:1549)
	at org.springframework.beans.factory.support.AbstractAutowireCapableBeanFactory.doCreateBean(AbstractAutowireCapableBeanFactory.java:539)
	at org.springframework.beans.factory.support.AbstractAutowireCapableBeanFactory.createBean(AbstractAutowireCapableBeanFactory.java:475)
	at org.springframework.beans.factory.support.AbstractBeanFactory$1.getObject(AbstractBeanFactory.java:304)
	at org.springframework.beans.factory.support.DefaultSingletonBeanRegistry.getSingleton(DefaultSingletonBeanRegistry.java:228)
	at org.springframework.beans.factory.support.AbstractBeanFactory.doGetBean(AbstractBeanFactory.java:300)
	at org.springframework.beans.factory.support.AbstractBeanFactory.getBean(AbstractBeanFactory.java:195)
	at org.springframework.beans.factory.support.BeanDefinitionValueResolver.resolveReference(BeanDefinitionValueResolver.java:328)
	at org.springframework.beans.factory.support.BeanDefinitionValueResolver.resolveValueIfNecessary(BeanDefinitionValueResolver.java:108)
	at org.springframework.beans.factory.support.AbstractAutowireCapableBeanFactory.applyPropertyValues(AbstractAutowireCapableBeanFactory.java:1456)
	at org.springframework.beans.factory.support.AbstractAutowireCapableBeanFactory.populateBean(AbstractAutowireCapableBeanFactory.java:1197)
	at org.springframework.beans.factory.support.AbstractAutowireCapableBeanFactory.doCreateBean(AbstractAutowireCapableBeanFactory.java:537)
	at org.springframework.beans.factory.support.AbstractAutowireCapableBeanFactory.createBean(AbstractAutowireCapableBeanFactory.java:475)
	at org.springframework.beans.factory.support.AbstractBeanFactory$1.getObject(AbstractBeanFactory.java:304)
	at org.springframework.beans.factory.support.DefaultSingletonBeanRegistry.getSingleton(DefaultSingletonBeanRegistry.java:228)
	at org.springframework.beans.factory.support.AbstractBeanFactory.doGetBean(AbstractBeanFactory.java:300)
	at org.springframework.beans.factory.support.AbstractBeanFactory.getBean(AbstractBeanFactory.java:195)
	at org.springframework.beans.factory.support.DefaultListableBeanFactory.findAutowireCandidates(DefaultListableBeanFactory.java:1017)
	at org.springframework.beans.factory.support.DefaultListableBeanFactory.doResolveDependency(DefaultListableBeanFactory.java:960)
	at org.springframework.beans.factory.support.DefaultListableBeanFactory.resolveDependency(DefaultListableBeanFactory.java:858)
	at org.springframework.beans.factory.annotation.AutowiredAnnotationBeanPostProcessor$AutowiredMethodElement.inject(AutowiredAnnotationBeanPostProcessor.java:553)
	at org.springframework.beans.factory.annotation.InjectionMetadata.inject(InjectionMetadata.java:87)
	at org.springframework.beans.factory.annotation.AutowiredAnnotationBeanPostProcessor.postProcessPropertyValues(AutowiredAnnotationBeanPostProcessor.java:289)
	at org.springframework.beans.factory.support.AbstractAutowireCapableBeanFactory.populateBean(AbstractAutowireCapableBeanFactory.java:1185)
	at org.springframework.beans.factory.support.AbstractAutowireCapableBeanFactory.doCreateBean(AbstractAutowireCapableBeanFactory.java:537)
	at org.springframework.beans.factory.support.AbstractAutowireCapableBeanFactory.createBean(AbstractAutowireCapableBeanFactory.java:475)
	at org.springframework.beans.factory.support.AbstractBeanFactory$1.getObject(AbstractBeanFactory.java:304)
	at org.springframework.beans.factory.support.DefaultSingletonBeanRegistry.getSingleton(DefaultSingletonBeanRegistry.java:228)
	at org.springframework.beans.factory.support.AbstractBeanFactory.doGetBean(AbstractBeanFactory.java:300)
	at org.springframework.beans.factory.support.AbstractBeanFactory.getBean(AbstractBeanFactory.java:195)
	at org.springframework.beans.factory.support.DefaultListableBeanFactory.preInstantiateSingletons(DefaultListableBeanFactory.java:703)
	at org.springframework.context.support.AbstractApplicationContext.finishBeanFactoryInitialization(AbstractApplicationContext.java:760)
	at org.springframework.context.support.AbstractApplicationContext.refresh(AbstractApplicationContext.java:482)
	at org.springframework.context.support.FileSystemXmlApplicationContext.<init>(FileSystemXmlApplicationContext.java:140)
	at org.springframework.context.support.FileSystemXmlApplicationContext.<init>(FileSystemXmlApplicationContext.java:94)
	at li.test.TestSpring.test(TestSpring.java:24)
	at sun.reflect.NativeMethodAccessorImpl.invoke0(Native Method)
	at sun.reflect.NativeMethodAccessorImpl.invoke(NativeMethodAccessorImpl.java:39)
	at sun.reflect.DelegatingMethodAccessorImpl.invoke(DelegatingMethodAccessorImpl.java:25)
	at java.lang.reflect.Method.invoke(Method.java:597)
	at org.junit.runners.model.FrameworkMethod$1.runReflectiveCall(FrameworkMethod.java:47)
	at org.junit.internal.runners.model.ReflectiveCallable.run(ReflectiveCallable.java:12)
	at org.junit.runners.model.FrameworkMethod.invokeExplosively(FrameworkMethod.java:44)
	at org.junit.internal.runners.statements.InvokeMethod.evaluate(InvokeMethod.java:17)
	at org.junit.runners.ParentRunner.runLeaf(ParentRunner.java:271)
	at org.junit.runners.BlockJUnit4ClassRunner.runChild(BlockJUnit4ClassRunner.java:70)
	at org.junit.runners.BlockJUnit4ClassRunner.runChild(BlockJUnit4ClassRunner.java:50)
	at org.junit.runners.ParentRunner$3.run(ParentRunner.java:238)
	at org.junit.runners.ParentRunner$1.schedule(ParentRunner.java:63)
	at org.junit.runners.ParentRunner.runChildren(ParentRunner.java:236)
	at org.junit.runners.ParentRunner.access$000(ParentRunner.java:53)
	at org.junit.runners.ParentRunner$2.evaluate(ParentRunner.java:229)
	at org.junit.runners.ParentRunner.run(ParentRunner.java:309)
	at org.apache.maven.surefire.junit4.JUnit4TestSet.execute(JUnit4TestSet.java:35)
	at org.apache.maven.surefire.junit4.JUnit4Provider.executeTestSet(JUnit4Provider.java:146)
	at org.apache.maven.surefire.junit4.JUnit4Provider.invoke(JUnit4Provider.java:97)
	at sun.reflect.NativeMethodAccessorImpl.invoke0(Native Method)
	at sun.reflect.NativeMethodAccessorImpl.invoke(NativeMethodAccessorImpl.java:39)
	at sun.reflect.DelegatingMethodAccessorImpl.invoke(DelegatingMethodAccessorImpl.java:25)
	at java.lang.reflect.Method.invoke(Method.java:597)
	at org.apache.maven.surefire.booter.ProviderFactory$ClassLoaderProxy.invoke(ProviderFactory.java:103)
	at $Proxy0.invoke(Unknown Source)
	at org.apache.maven.surefire.booter.SurefireStarter.invokeProvider(SurefireStarter.java:145)
	at org.apache.maven.surefire.booter.SurefireStarter.runSuitesInProcess(SurefireStarter.java:87)
	at org.apache.maven.surefire.booter.ForkedBooter.main(ForkedBooter.java:69)
Caused by: java.lang.ClassNotFoundException: oracle.jdbc.driver.OracleDriver
	at java.net.URLClassLoader$1.run(URLClassLoader.java:200)
	at java.security.AccessController.doPrivileged(Native Method)
	at java.net.URLClassLoader.findClass(URLClassLoader.java:188)
	at java.lang.ClassLoader.loadClass(ClassLoader.java:307)
	at sun.misc.Launcher$AppClassLoader.loadClass(Launcher.java:301)
	at java.lang.ClassLoader.loadClass(ClassLoader.java:252)
	at java.lang.ClassLoader.loadClassInternal(ClassLoader.java:320)
	at java.lang.Class.forName0(Native Method)
	at java.lang.Class.forName(Class.java:169)
	at com.alibaba.druid.util.JdbcUtils.createDriver(JdbcUtils.java:508)
	... 72 more
[INFO][2014-05-17 23:42:23,638][com.alibaba.druid.pool.DruidDataSource]{dataSource-2} inited
